[2017-09-24 08:14:26 America/New_York] spag
Web Page: GET /
Warning: Cannot modify header information - headers already sent by (output started at /media/gcat/storage/it-all.com/Software/ProjectsSrc/Spaghettify/Src/config/config.php:9)
/media/gcat/storage/it-all.com/Software/ProjectsSrc/Spaghettify/Src/Infrastructure/Utilities/functions.php line: 140
Stack Trace:
#0: /Infrastructure/Utilities/functions.php [140] header() { 0: Location: https://spag/}

#1: /init.php [152] It_All\Spaghettify\Src\Infrastructure\Utilities\redirect() {}

#2: /public/index.php [4] require() { 0: /media/gcat/storage/it-all.com/Software/ProjectsSrc/Spaghettify/Src/init.php}



[2017-09-24 08:14:59 America/New_York] spag
Web Page: GET /
Unknown error type: The "/media/gcat/storage/it-all.com/Software/ProjectsSrc/Spaghettify/Src/../templates/" directory does not exist ("/media/gcat/storage/it-all.com/Software/ProjectsSrc/Spaghettify/Src/../templates/").
/media/gcat/storage/it-all.com/Software/ProjectsSrc/Spaghettify/vendor/twig/twig/lib/Twig/Loader/Filesystem.php line: 101
Stack Trace:
#0 /media/gcat/storage/it-all.com/Software/ProjectsSrc/Spaghettify/vendor/slim/twig-view/src/Twig.php(151): Twig_Loader_Filesystem->addPath('/media/gcat/sto...')
#1 /media/gcat/storage/it-all.com/Software/ProjectsSrc/Spaghettify/vendor/slim/twig-view/src/Twig.php(57): Slim\Views\Twig->createLoader(Array)
#2 /media/gcat/storage/it-all.com/Software/ProjectsSrc/Spaghettify/Src/config/slim3/dependencies.php(50): Slim\Views\Twig->__construct(Array, Array)
#3 /media/gcat/storage/it-all.com/Software/ProjectsSrc/Spaghettify/vendor/pimple/pimple/src/Pimple/Container.php(118): {closure}(Object(Slim\Container))
#4 /media/gcat/storage/it-all.com/Software/ProjectsSrc/Spaghettify/vendor/slim/slim/Slim/Container.php(123): Pimple\Container->offsetGet('view')
#5 /media/gcat/storage/it-all.com/Software/ProjectsSrc/Spaghettify/vendor/slim/slim/Slim/Container.php(172): Slim\Container->get('view')
#6 /media/gcat/storage/it-all.com/Software/ProjectsSrc/Spaghettify/Src/Infrastructure/Security/CsrfMiddleware.php(23): Slim\Container->__get('view')
#7 [internal function]: It_All\Spaghettify\Src\Infrastructure\Security\CsrfMiddleware->__invoke(Object(Slim\Http\Request), Object(Slim\Http\Response), Object(Slim\App))
#8 /media/gcat/storage/it-all.com/Software/ProjectsSrc/Spaghettify/vendor/slim/slim/Slim/DeferredCallable.php(43): call_user_func_array(Object(It_All\Spaghettify\Src\Infrastructure\Security\CsrfMiddleware), Array)
#9 [internal function]: Slim\DeferredCallable->__invoke(Object(Slim\Http\Request), Object(Slim\Http\Response), Object(Slim\App))
#10 /media/gcat/storage/it-all.com/Software/ProjectsSrc/Spaghettify/vendor/slim/slim/Slim/MiddlewareAwareTrait.php(73): call_user_func(Object(Slim\DeferredCallable), Object(Slim\Http\Request), Object(Slim\Http\Response), Object(Slim\App))
#11 /media/gcat/storage/it-all.com/Software/ProjectsSrc/Spaghettify/vendor/slim/csrf/src/Guard.php(167): Slim\App->Slim\{closure}(Object(Slim\Http\Request), Object(Slim\Http\Response))
#12 [internal function]: Slim\Csrf\Guard->__invoke(Object(Slim\Http\Request), Object(Slim\Http\Response), Object(Closure))
#13 /media/gcat/storage/it-all.com/Software/ProjectsSrc/Spaghettify/vendor/slim/slim/Slim/DeferredCallable.php(43): call_user_func_array(Object(Slim\Csrf\Guard), Array)
#14 [internal function]: Slim\DeferredCallable->__invoke(Object(Slim\Http\Request), Object(Slim\Http\Response), Object(Closure))
#15 /media/gcat/storage/it-all.com/Software/ProjectsSrc/Spaghettify/vendor/slim/slim/Slim/MiddlewareAwareTrait.php(73): call_user_func(Object(Slim\DeferredCallable), Object(Slim\Http\Request), Object(Slim\Http\Response), Object(Closure))
#16 /media/gcat/storage/it-all.com/Software/ProjectsSrc/Spaghettify/vendor/slim/slim/Slim/MiddlewareAwareTrait.php(122): Slim\App->Slim\{closure}(Object(Slim\Http\Request), Object(Slim\Http\Response))
#17 /media/gcat/storage/it-all.com/Software/ProjectsSrc/Spaghettify/vendor/slim/slim/Slim/App.php(370): Slim\App->callMiddlewareStack(Object(Slim\Http\Request), Object(Slim\Http\Response))
#18 /media/gcat/storage/it-all.com/Software/ProjectsSrc/Spaghettify/vendor/slim/slim/Slim/App.php(295): Slim\App->process(Object(Slim\Http\Request), Object(Slim\Http\Response))
#19 /media/gcat/storage/it-all.com/Software/ProjectsSrc/Spaghettify/Src/public/index.php(28): Slim\App->run()
#20 {main}

[2017-09-24 08:16:12 America/New_York] spag
Web Page: GET /
Unknown error type: The "/media/gcat/storage/it-all.com/Software/ProjectsSrc/Spaghettify/Src/../templates/" directory does not exist ("/media/gcat/storage/it-all.com/Software/ProjectsSrc/Spaghettify/Src/../templates/").
/media/gcat/storage/it-all.com/Software/ProjectsSrc/Spaghettify/vendor/twig/twig/lib/Twig/Loader/Filesystem.php line: 101
Stack Trace:
#0 /media/gcat/storage/it-all.com/Software/ProjectsSrc/Spaghettify/vendor/slim/twig-view/src/Twig.php(151): Twig_Loader_Filesystem->addPath('/media/gcat/sto...')
#1 /media/gcat/storage/it-all.com/Software/ProjectsSrc/Spaghettify/vendor/slim/twig-view/src/Twig.php(57): Slim\Views\Twig->createLoader(Array)
#2 /media/gcat/storage/it-all.com/Software/ProjectsSrc/Spaghettify/Src/config/slim3/dependencies.php(50): Slim\Views\Twig->__construct(Array, Array)
#3 /media/gcat/storage/it-all.com/Software/ProjectsSrc/Spaghettify/vendor/pimple/pimple/src/Pimple/Container.php(118): {closure}(Object(Slim\Container))
#4 /media/gcat/storage/it-all.com/Software/ProjectsSrc/Spaghettify/vendor/slim/slim/Slim/Container.php(123): Pimple\Container->offsetGet('view')
#5 /media/gcat/storage/it-all.com/Software/ProjectsSrc/Spaghettify/vendor/slim/slim/Slim/Container.php(172): Slim\Container->get('view')
#6 /media/gcat/storage/it-all.com/Software/ProjectsSrc/Spaghettify/Src/Infrastructure/Security/CsrfMiddleware.php(23): Slim\Container->__get('view')
#7 [internal function]: It_All\Spaghettify\Src\Infrastructure\Security\CsrfMiddleware->__invoke(Object(Slim\Http\Request), Object(Slim\Http\Response), Object(Slim\App))
#8 /media/gcat/storage/it-all.com/Software/ProjectsSrc/Spaghettify/vendor/slim/slim/Slim/DeferredCallable.php(43): call_user_func_array(Object(It_All\Spaghettify\Src\Infrastructure\Security\CsrfMiddleware), Array)
#9 [internal function]: Slim\DeferredCallable->__invoke(Object(Slim\Http\Request), Object(Slim\Http\Response), Object(Slim\App))
#10 /media/gcat/storage/it-all.com/Software/ProjectsSrc/Spaghettify/vendor/slim/slim/Slim/MiddlewareAwareTrait.php(73): call_user_func(Object(Slim\DeferredCallable), Object(Slim\Http\Request), Object(Slim\Http\Response), Object(Slim\App))
#11 /media/gcat/storage/it-all.com/Software/ProjectsSrc/Spaghettify/vendor/slim/csrf/src/Guard.php(167): Slim\App->Slim\{closure}(Object(Slim\Http\Request), Object(Slim\Http\Response))
#12 [internal function]: Slim\Csrf\Guard->__invoke(Object(Slim\Http\Request), Object(Slim\Http\Response), Object(Closure))
#13 /media/gcat/storage/it-all.com/Software/ProjectsSrc/Spaghettify/vendor/slim/slim/Slim/DeferredCallable.php(43): call_user_func_array(Object(Slim\Csrf\Guard), Array)
#14 [internal function]: Slim\DeferredCallable->__invoke(Object(Slim\Http\Request), Object(Slim\Http\Response), Object(Closure))
#15 /media/gcat/storage/it-all.com/Software/ProjectsSrc/Spaghettify/vendor/slim/slim/Slim/MiddlewareAwareTrait.php(73): call_user_func(Object(Slim\DeferredCallable), Object(Slim\Http\Request), Object(Slim\Http\Response), Object(Closure))
#16 /media/gcat/storage/it-all.com/Software/ProjectsSrc/Spaghettify/vendor/slim/slim/Slim/MiddlewareAwareTrait.php(122): Slim\App->Slim\{closure}(Object(Slim\Http\Request), Object(Slim\Http\Response))
#17 /media/gcat/storage/it-all.com/Software/ProjectsSrc/Spaghettify/vendor/slim/slim/Slim/App.php(370): Slim\App->callMiddlewareStack(Object(Slim\Http\Request), Object(Slim\Http\Response))
#18 /media/gcat/storage/it-all.com/Software/ProjectsSrc/Spaghettify/vendor/slim/slim/Slim/App.php(295): Slim\App->process(Object(Slim\Http\Request), Object(Slim\Http\Response))
#19 /media/gcat/storage/it-all.com/Software/ProjectsSrc/Spaghettify/Src/public/index.php(28): Slim\App->run()
#20 {main}

[2017-09-24 08:17:21 America/New_York] spag
Web Page: GET /
Unknown error type: The "/media/gcat/storage/it-all.com/Software/ProjectsSrc/Spaghettify/Src/../templates/" directory does not exist ("/media/gcat/storage/it-all.com/Software/ProjectsSrc/Spaghettify/Src/../templates/").
/media/gcat/storage/it-all.com/Software/ProjectsSrc/Spaghettify/vendor/twig/twig/lib/Twig/Loader/Filesystem.php line: 101
Stack Trace:
#0 /media/gcat/storage/it-all.com/Software/ProjectsSrc/Spaghettify/vendor/slim/twig-view/src/Twig.php(151): Twig_Loader_Filesystem->addPath('/media/gcat/sto...')
#1 /media/gcat/storage/it-all.com/Software/ProjectsSrc/Spaghettify/vendor/slim/twig-view/src/Twig.php(57): Slim\Views\Twig->createLoader(Array)
#2 /media/gcat/storage/it-all.com/Software/ProjectsSrc/Spaghettify/Src/config/slim3/dependencies.php(50): Slim\Views\Twig->__construct(Array, Array)
#3 /media/gcat/storage/it-all.com/Software/ProjectsSrc/Spaghettify/vendor/pimple/pimple/src/Pimple/Container.php(118): {closure}(Object(Slim\Container))
#4 /media/gcat/storage/it-all.com/Software/ProjectsSrc/Spaghettify/vendor/slim/slim/Slim/Container.php(123): Pimple\Container->offsetGet('view')
#5 /media/gcat/storage/it-all.com/Software/ProjectsSrc/Spaghettify/vendor/slim/slim/Slim/Container.php(172): Slim\Container->get('view')
#6 /media/gcat/storage/it-all.com/Software/ProjectsSrc/Spaghettify/Src/Infrastructure/Security/CsrfMiddleware.php(23): Slim\Container->__get('view')
#7 [internal function]: It_All\Spaghettify\Src\Infrastructure\Security\CsrfMiddleware->__invoke(Object(Slim\Http\Request), Object(Slim\Http\Response), Object(Slim\App))
#8 /media/gcat/storage/it-all.com/Software/ProjectsSrc/Spaghettify/vendor/slim/slim/Slim/DeferredCallable.php(43): call_user_func_array(Object(It_All\Spaghettify\Src\Infrastructure\Security\CsrfMiddleware), Array)
#9 [internal function]: Slim\DeferredCallable->__invoke(Object(Slim\Http\Request), Object(Slim\Http\Response), Object(Slim\App))
#10 /media/gcat/storage/it-all.com/Software/ProjectsSrc/Spaghettify/vendor/slim/slim/Slim/MiddlewareAwareTrait.php(73): call_user_func(Object(Slim\DeferredCallable), Object(Slim\Http\Request), Object(Slim\Http\Response), Object(Slim\App))
#11 /media/gcat/storage/it-all.com/Software/ProjectsSrc/Spaghettify/vendor/slim/csrf/src/Guard.php(167): Slim\App->Slim\{closure}(Object(Slim\Http\Request), Object(Slim\Http\Response))
#12 [internal function]: Slim\Csrf\Guard->__invoke(Object(Slim\Http\Request), Object(Slim\Http\Response), Object(Closure))
#13 /media/gcat/storage/it-all.com/Software/ProjectsSrc/Spaghettify/vendor/slim/slim/Slim/DeferredCallable.php(43): call_user_func_array(Object(Slim\Csrf\Guard), Array)
#14 [internal function]: Slim\DeferredCallable->__invoke(Object(Slim\Http\Request), Object(Slim\Http\Response), Object(Closure))
#15 /media/gcat/storage/it-all.com/Software/ProjectsSrc/Spaghettify/vendor/slim/slim/Slim/MiddlewareAwareTrait.php(73): call_user_func(Object(Slim\DeferredCallable), Object(Slim\Http\Request), Object(Slim\Http\Response), Object(Closure))
#16 /media/gcat/storage/it-all.com/Software/ProjectsSrc/Spaghettify/vendor/slim/slim/Slim/MiddlewareAwareTrait.php(122): Slim\App->Slim\{closure}(Object(Slim\Http\Request), Object(Slim\Http\Response))
#17 /media/gcat/storage/it-all.com/Software/ProjectsSrc/Spaghettify/vendor/slim/slim/Slim/App.php(370): Slim\App->callMiddlewareStack(Object(Slim\Http\Request), Object(Slim\Http\Response))
#18 /media/gcat/storage/it-all.com/Software/ProjectsSrc/Spaghettify/vendor/slim/slim/Slim/App.php(295): Slim\App->process(Object(Slim\Http\Request), Object(Slim\Http\Response))
#19 /media/gcat/storage/it-all.com/Software/ProjectsSrc/Spaghettify/Src/public/index.php(28): Slim\App->run()
#20 {main}

[2017-09-24 08:29:47 America/New_York] spag
Web Page: GET /
Notice: Undefined index: navAdmin
/media/gcat/storage/it-all.com/Software/ProjectsSrc/Spaghettify/Src/config/slim3/settings.php line: 51
Stack Trace:
#0: /public/index.php [7] require() { 0: /media/gcat/storage/it-all.com/Software/ProjectsSrc/Spaghettify/Src/config/slim3/settings.php}



